Sun Mar 23 2025 3:0:4 } [PH] error: 
Invalid `prisma.appointment.findMany()` invocation:


Can't reach database server at `localhost`:`5432`

Please make sure your database server is running at `localhost`:`5432`.
Sun Mar 23 2025 3:1:4 } [PH] error: 
Invalid `prisma.appointment.findMany()` invocation:


Can't reach database server at `localhost`:`5432`

Please make sure your database server is running at `localhost`:`5432`.
Sun Mar 23 2025 3:2:4 } [PH] error: 
Invalid `prisma.appointment.findMany()` invocation:


Can't reach database server at `localhost`:`5432`

Please make sure your database server is running at `localhost`:`5432`.
Sun Mar 23 2025 3:3:0 } [PH] error: 
Invalid `prisma.appointment.findMany()` invocation:


Authentication failed against database server at `localhost`, the provided database credentials for `USERNAME` are not valid.

Please make sure to provide valid database credentials for the database server at `localhost`.
Sun Mar 23 2025 3:4:0 } [PH] error: 
Invalid `prisma.appointment.findMany()` invocation:


Authentication failed against database server at `localhost`, the provided database credentials for `USERNAME` are not valid.

Please make sure to provide valid database credentials for the database server at `localhost`.
Sun Mar 23 2025 3:5:0 } [PH] error: 
Invalid `prisma.appointment.findMany()` invocation:


Authentication failed against database server at `localhost`, the provided database credentials for `USERNAME` are not valid.

Please make sure to provide valid database credentials for the database server at `localhost`.
Sun Mar 23 2025 3:6:0 } [PH] error: 
Invalid `prisma.appointment.findMany()` invocation:


Authentication failed against database server at `localhost`, the provided database credentials for `USERNAME` are not valid.

Please make sure to provide valid database credentials for the database server at `localhost`.
Sun Mar 23 2025 3:7:0 } [PH] error: 
Invalid `prisma.appointment.findMany()` invocation:


Authentication failed against database server at `localhost`, the provided database credentials for `USERNAME` are not valid.

Please make sure to provide valid database credentials for the database server at `localhost`.
Sun Mar 23 2025 3:8:0 } [PH] error: 
Invalid `prisma.appointment.findMany()` invocation:


Authentication failed against database server at `localhost`, the provided database credentials for `USERNAME` are not valid.

Please make sure to provide valid database credentials for the database server at `localhost`.
Sun Mar 23 2025 3:9:0 } [PH] error: 
Invalid `prisma.appointment.findMany()` invocation:


Authentication failed against database server at `localhost`, the provided database credentials for `USERNAME` are not valid.

Please make sure to provide valid database credentials for the database server at `localhost`.
Sun Mar 23 2025 3:10:0 } [PH] error: 
Invalid `prisma.appointment.findMany()` invocation:


Authentication failed against database server at `localhost`, the provided database credentials for `USERNAME` are not valid.

Please make sure to provide valid database credentials for the database server at `localhost`.
Sun Mar 23 2025 3:11:0 } [PH] error: 
Invalid `prisma.appointment.findMany()` invocation:


Authentication failed against database server at `localhost`, the provided database credentials for `USERNAME` are not valid.

Please make sure to provide valid database credentials for the database server at `localhost`.
Sun Mar 23 2025 3:12:0 } [PH] error: 
Invalid `prisma.appointment.findMany()` invocation:


Authentication failed against database server at `localhost`, the provided database credentials for `USERNAME` are not valid.

Please make sure to provide valid database credentials for the database server at `localhost`.
Sun Mar 23 2025 3:13:0 } [PH] error: 
Invalid `prisma.appointment.findMany()` invocation:


Authentication failed against database server at `localhost`, the provided database credentials for `USERNAME` are not valid.

Please make sure to provide valid database credentials for the database server at `localhost`.
Sun Mar 23 2025 3:14:0 } [PH] error: 
Invalid `prisma.appointment.findMany()` invocation:


Authentication failed against database server at `localhost`, the provided database credentials for `USERNAME` are not valid.

Please make sure to provide valid database credentials for the database server at `localhost`.
Sun Mar 23 2025 3:15:0 } [PH] error: 
Invalid `prisma.appointment.findMany()` invocation:


Authentication failed against database server at `localhost`, the provided database credentials for `USERNAME` are not valid.

Please make sure to provide valid database credentials for the database server at `localhost`.
Sun Mar 23 2025 3:16:0 } [PH] error: 
Invalid `prisma.appointment.findMany()` invocation:


Authentication failed against database server at `localhost`, the provided database credentials for `USERNAME` are not valid.

Please make sure to provide valid database credentials for the database server at `localhost`.
Sun Mar 23 2025 3:17:1 } [PH] error: 
Invalid `prisma.appointment.findMany()` invocation:


Authentication failed against database server at `localhost`, the provided database credentials for `USERNAME` are not valid.

Please make sure to provide valid database credentials for the database server at `localhost`.
Sun Mar 23 2025 3:18:0 } [PH] error: 
Invalid `prisma.appointment.findMany()` invocation:


Authentication failed against database server at `localhost`, the provided database credentials for `USERNAME` are not valid.

Please make sure to provide valid database credentials for the database server at `localhost`.
Sun Mar 23 2025 3:19:0 } [PH] error: 
Invalid `prisma.appointment.findMany()` invocation:


Authentication failed against database server at `localhost`, the provided database credentials for `USERNAME` are not valid.

Please make sure to provide valid database credentials for the database server at `localhost`.
Sun Mar 23 2025 3:20:0 } [PH] error: 
Invalid `prisma.appointment.findMany()` invocation:


Authentication failed against database server at `localhost`, the provided database credentials for `USERNAME` are not valid.

Please make sure to provide valid database credentials for the database server at `localhost`.
Sun Mar 23 2025 3:21:0 } [PH] error: 
Invalid `prisma.appointment.findMany()` invocation:


Authentication failed against database server at `localhost`, the provided database credentials for `USERNAME` are not valid.

Please make sure to provide valid database credentials for the database server at `localhost`.
Sun Mar 23 2025 3:22:0 } [PH] error: 
Invalid `prisma.appointment.findMany()` invocation:


Authentication failed against database server at `localhost`, the provided database credentials for `USERNAME` are not valid.

Please make sure to provide valid database credentials for the database server at `localhost`.
Sun Mar 23 2025 3:23:0 } [PH] error: 
Invalid `prisma.appointment.findMany()` invocation:


Authentication failed against database server at `localhost`, the provided database credentials for `USERNAME` are not valid.

Please make sure to provide valid database credentials for the database server at `localhost`.
Sun Mar 23 2025 3:34:2 } [PH] error: 
Invalid `prisma.appointment.findMany()` invocation:


Can't reach database server at `postgress`:`5432`

Please make sure your database server is running at `postgress`:`5432`.
Sun Mar 23 2025 3:35:2 } [PH] error: 
Invalid `prisma.appointment.findMany()` invocation:


Can't reach database server at `postgres`:`5432`

Please make sure your database server is running at `postgres`:`5432`.
Sun Mar 23 2025 3:36:3 } [PH] error: 
Invalid `prisma.appointment.findMany()` invocation:


Can't reach database server at `postgres`:`5432`

Please make sure your database server is running at `postgres`:`5432`.
Sun Mar 23 2025 3:37:2 } [PH] error: 
Invalid `prisma.appointment.findMany()` invocation:


Can't reach database server at `postgres`:`5432`

Please make sure your database server is running at `postgres`:`5432`.
Sun Mar 23 2025 3:38:3 } [PH] error: 
Invalid `prisma.appointment.findMany()` invocation:


Can't reach database server at `postgres`:`5432`

Please make sure your database server is running at `postgres`:`5432`.
Sun Mar 23 2025 3:39:1 } [PH] error: 
Invalid `prisma.appointment.findMany()` invocation:


Authentication failed against database server at `localhost`, the provided database credentials for `postgres` are not valid.

Please make sure to provide valid database credentials for the database server at `localhost`.
Sun Mar 23 2025 3:40:0 } [PH] error: 
Invalid `prisma.appointment.findMany()` invocation:


Authentication failed against database server at `localhost`, the provided database credentials for `postgres` are not valid.

Please make sure to provide valid database credentials for the database server at `localhost`.
Sun Mar 23 2025 3:41:0 } [PH] error: 
Invalid `prisma.appointment.findMany()` invocation:


Authentication failed against database server at `localhost`, the provided database credentials for `postgres` are not valid.

Please make sure to provide valid database credentials for the database server at `localhost`.
Sun Mar 23 2025 3:42:0 } [PH] error: 
Invalid `prisma.appointment.findMany()` invocation:


Authentication failed against database server at `localhost`, the provided database credentials for `postgres` are not valid.

Please make sure to provide valid database credentials for the database server at `localhost`.
Sun Mar 23 2025 3:43:0 } [PH] error: 
Invalid `prisma.appointment.findMany()` invocation:


Authentication failed against database server at `localhost`, the provided database credentials for `postgres` are not valid.

Please make sure to provide valid database credentials for the database server at `localhost`.
Sun Mar 23 2025 3:44:0 } [PH] error: 
Invalid `prisma.appointment.findMany()` invocation:


Authentication failed against database server at `localhost`, the provided database credentials for `postgres` are not valid.

Please make sure to provide valid database credentials for the database server at `localhost`.
Sun Mar 23 2025 3:45:0 } [PH] error: 
Invalid `prisma.appointment.findMany()` invocation:


Authentication failed against database server at `localhost`, the provided database credentials for `postgres` are not valid.

Please make sure to provide valid database credentials for the database server at `localhost`.
Sun Mar 23 2025 3:46:0 } [PH] error: 
Invalid `prisma.appointment.findMany()` invocation:


Authentication failed against database server at `localhost`, the provided database credentials for `postgres` are not valid.

Please make sure to provide valid database credentials for the database server at `localhost`.
Sun Mar 23 2025 3:47:1 } [PH] error: 
Invalid `prisma.appointment.findMany()` invocation:


Authentication failed against database server at `localhost`, the provided database credentials for `postgres` are not valid.

Please make sure to provide valid database credentials for the database server at `localhost`.
Sun Mar 23 2025 3:48:0 } [PH] error: 
Invalid `prisma.appointment.findMany()` invocation:


Authentication failed against database server at `localhost`, the provided database credentials for `postgres` are not valid.

Please make sure to provide valid database credentials for the database server at `localhost`.
